<?xml version="1.0" encoding="UTF-8"?>
<!-- Generated by org.testng.reporters.JUnitReportReporter -->
<testsuite hostname="MacBookAir.lan" failures="0" tests="1" name="com.selenium.test.tests.TestAutomationPracticePageTest" time="36.680" errors="0" timestamp="2025-07-19T13:22:40 IST" skipped="0">
  <testcase classname="com.selenium.test.tests.TestAutomationPracticePageTest" name="testFillAllTextBoxes" time="36.680"/>
</testsuite> <!-- com.selenium.test.tests.TestAutomationPracticePageTest -->
