<?xml version="1.0" encoding="UTF-8"?>
<!-- Generated by org.testng.reporters.JUnitReportReporter -->
<testsuite hostname="MacBookAir.lan" failures="0" tests="1" name="com.selenium.test.tests.AmazonAddToCartTest" time="44.091" errors="0" timestamp="2025-07-19T13:22:40 IST" skipped="0">
  <testcase classname="com.selenium.test.tests.AmazonAddToCartTest" name="testAddRedmiNote20ProToCart" time="44.091"/>
</testsuite> <!-- com.selenium.test.tests.AmazonAddToCartTest -->
